[2024-10-14T00:02:14.152+0000] {local_task_job_runner.py:123} INFO - ::group::Pre task execution logs
[2024-10-14T00:02:14.184+0000] {taskinstance.py:2612} INFO - Dependencies all met for dep_context=non-requeueable deps ti=<TaskInstance: adewunmi.execute_bash_command manual__2024-10-14T00:02:03+00:00 [queued]>
[2024-10-14T00:02:14.203+0000] {taskinstance.py:2612} INFO - Dependencies all met for dep_context=requeueable deps ti=<TaskInstance: adewunmi.execute_bash_command manual__2024-10-14T00:02:03+00:00 [queued]>
[2024-10-14T00:02:14.204+0000] {taskinstance.py:2865} INFO - Starting attempt 1 of 2
[2024-10-14T00:02:14.237+0000] {taskinstance.py:2888} INFO - Executing <Task(BashOperator): execute_bash_command> on 2024-10-14 00:02:03+00:00
[2024-10-14T00:02:14.245+0000] {warnings.py:112} WARNING - /home/***/.local/lib/python3.12/site-packages/***/task/task_runner/standard_task_runner.py:70: DeprecationWarning: This process (pid=312) is multi-threaded, use of fork() may lead to deadlocks in the child.
  pid = os.fork()

[2024-10-14T00:02:14.248+0000] {standard_task_runner.py:72} INFO - Started process 313 to run task
[2024-10-14T00:02:14.248+0000] {standard_task_runner.py:104} INFO - Running: ['***', 'tasks', 'run', 'adewunmi', 'execute_bash_command', 'manual__2024-10-14T00:02:03+00:00', '--job-id', '27', '--raw', '--subdir', 'DAGS_FOLDER/email.py', '--cfg-path', '/tmp/tmp445pp5rj']
[2024-10-14T00:02:14.253+0000] {standard_task_runner.py:105} INFO - Job 27: Subtask execute_bash_command
[2024-10-14T00:02:14.345+0000] {task_command.py:467} INFO - Running <TaskInstance: adewunmi.execute_bash_command manual__2024-10-14T00:02:03+00:00 [running]> on host 1b4cad12ae67
[2024-10-14T00:02:14.574+0000] {taskinstance.py:3131} INFO - Exporting env vars: AIRFLOW_CTX_DAG_OWNER='***' AIRFLOW_CTX_DAG_ID='adewunmi' AIRFLOW_CTX_TASK_ID='execute_bash_command' AIRFLOW_CTX_EXECUTION_DATE='2024-10-14T00:02:03+00:00' AIRFLOW_CTX_TRY_NUMBER='1' AIRFLOW_CTX_DAG_RUN_ID='manual__2024-10-14T00:02:03+00:00'
[2024-10-14T00:02:14.576+0000] {taskinstance.py:731} INFO - ::endgroup::
[2024-10-14T00:02:14.600+0000] {subprocess.py:63} INFO - Tmp dir root location: /tmp
[2024-10-14T00:02:14.602+0000] {subprocess.py:75} INFO - Running command: ['/usr/bin/bash', '-c', 'echo "Hello, world!"']
[2024-10-14T00:02:14.618+0000] {subprocess.py:86} INFO - Output:
[2024-10-14T00:02:14.620+0000] {subprocess.py:93} INFO - Hello, world!
[2024-10-14T00:02:14.621+0000] {subprocess.py:97} INFO - Command exited with return code 0
[2024-10-14T00:02:14.657+0000] {taskinstance.py:340} INFO - ::group::Post task execution logs
[2024-10-14T00:02:14.658+0000] {taskinstance.py:352} INFO - Marking task as SUCCESS. dag_id=adewunmi, task_id=execute_bash_command, run_id=manual__2024-10-14T00:02:03+00:00, execution_date=20241014T000203, start_date=20241014T000214, end_date=20241014T000214
[2024-10-14T00:02:14.659+0000] {taskinstance.py:1563} INFO - Executing callback at index 0: task_success_alert
[2024-10-14T00:02:14.661+0000] {logging_mixin.py:190} INFO - {'conf': <***.configuration.AirflowConfigParser object at 0x7f63670a4bf0>, 'dag': <DAG: adewunmi>, 'dag_run': <DagRun adewunmi @ 2024-10-14 00:02:03+00:00: manual__2024-10-14T00:02:03+00:00, state:running, queued_at: 2024-10-14 00:02:08.822276+00:00. externally triggered: True>, 'data_interval_end': DateTime(2024, 10, 14, 0, 2, 3, tzinfo=Timezone('UTC')), 'data_interval_start': DateTime(2024, 10, 14, 0, 2, 3, tzinfo=Timezone('UTC')), 'outlet_events': <***.utils.context.OutletEventAccessors object at 0x7f63551b84d0>, 'ds': '2024-10-14', 'ds_nodash': '20241014', 'execution_date': DateTime(2024, 10, 14, 0, 2, 3, tzinfo=Timezone('UTC')), 'expanded_ti_count': None, 'inlets': [], 'inlet_events': InletEventsAccessors(_inlets=[], _datasets={}, _dataset_aliases={}, _session=<sqlalchemy.orm.session.Session object at 0x7f63670e9d30>), 'logical_date': DateTime(2024, 10, 14, 0, 2, 3, tzinfo=Timezone('UTC')), 'macros': <module '***.macros' from '/home/***/.local/lib/python3.12/site-packages/***/macros/__init__.py'>, 'map_index_template': None, 'next_ds': '2024-10-14', 'next_ds_nodash': '20241014', 'next_execution_date': DateTime(2024, 10, 14, 0, 2, 3, tzinfo=Timezone('UTC')), 'outlets': [], 'params': {'environment': 'local dev', 'dag_owner': 'adewunmi'}, 'prev_data_interval_start_success': DateTime(2024, 10, 13, 23, 55, 24, tzinfo=Timezone('UTC')), 'prev_data_interval_end_success': DateTime(2024, 10, 13, 23, 55, 24, tzinfo=Timezone('UTC')), 'prev_ds': '2024-10-14', 'prev_ds_nodash': '20241014', 'prev_execution_date': DateTime(2024, 10, 14, 0, 2, 3, tzinfo=Timezone('UTC')), 'prev_execution_date_success': DateTime(2024, 10, 13, 23, 55, 24, tzinfo=Timezone('UTC')), 'prev_start_date_success': DateTime(2024, 10, 13, 23, 55, 30, 816064, tzinfo=Timezone('UTC')), 'prev_end_date_success': DateTime(2024, 10, 13, 23, 55, 37, 816914, tzinfo=Timezone('UTC')), 'run_id': 'manual__2024-10-14T00:02:03+00:00', 'task': <Task(BashOperator): execute_bash_command>, 'task_instance': <TaskInstance: adewunmi.execute_bash_command manual__2024-10-14T00:02:03+00:00 [success]>, 'task_instance_key_str': 'adewunmi__execute_bash_command__20241014', 'test_mode': False, 'ti': <TaskInstance: adewunmi.execute_bash_command manual__2024-10-14T00:02:03+00:00 [success]>, 'tomorrow_ds': '2024-10-15', 'tomorrow_ds_nodash': '20241015', 'triggering_dataset_events': <Proxy at 0x7f63551c6140 with factory <function _get_template_context.<locals>.get_triggering_events at 0x7f635536f7e0>>, 'ts': '2024-10-14T00:02:03+00:00', 'ts_nodash': '20241014T000203', 'ts_nodash_with_tz': '20241014T000203+0000', 'var': {'json': None, 'value': None}, 'conn': None, 'yesterday_ds': '2024-10-13', 'yesterday_ds_nodash': '20241013'}
[2024-10-14T00:02:15.770+0000] {taskinstance.py:1567} ERROR - Error in callback at index 0: task_success_alert
Traceback (most recent call last):
  File "/opt/airflow/dags/notification_setting.py", line 77, in task_success_alert
    smtp.login(email_sender,email_password)
  File "/usr/local/lib/python3.12/smtplib.py", line 739, in login
    (code, resp) = self.auth(
                   ^^^^^^^^^^
  File "/usr/local/lib/python3.12/smtplib.py", line 652, in auth
    authobject(challenge).encode('ascii'), eol='')
    ^^^^^^^^^^^^^^^^^^^^^^^^^^^^
AttributeError: 'NoneType' object has no attribute 'encode'

During handling of the above exception, another exception occurred:

Traceback (most recent call last):
  File "/home/airflow/.local/lib/python3.12/site-packages/airflow/models/taskinstance.py", line 1565, in _run_finished_callback
    callback(context)
  File "/opt/airflow/dags/notification_setting.py", line 76, in task_success_alert
    with smtplib.SMTP_SSL('SMTP.gmail.com', 465,context=context) as smtp:
  File "/usr/local/lib/python3.12/smtplib.py", line 284, in __exit__
    raise SMTPResponseException(code, message)
smtplib.SMTPResponseException: (334, b'UGFzc3dvcmQ6')
[2024-10-14T00:02:15.874+0000] {local_task_job_runner.py:266} INFO - Task exited with return code 0
[2024-10-14T00:02:15.912+0000] {taskinstance.py:3900} INFO - 0 downstream tasks scheduled from follow-on schedule check
[2024-10-14T00:02:15.920+0000] {local_task_job_runner.py:245} INFO - ::endgroup::
