[2024-10-14T00:02:10.762+0000] {local_task_job_runner.py:123} INFO - ::group::Pre task execution logs
[2024-10-14T00:02:10.789+0000] {taskinstance.py:2612} INFO - Dependencies all met for dep_context=non-requeueable deps ti=<TaskInstance: adewunmi.execute_python_command manual__2024-10-14T00:02:03+00:00 [queued]>
[2024-10-14T00:02:10.802+0000] {taskinstance.py:2612} INFO - Dependencies all met for dep_context=requeueable deps ti=<TaskInstance: adewunmi.execute_python_command manual__2024-10-14T00:02:03+00:00 [queued]>
[2024-10-14T00:02:10.803+0000] {taskinstance.py:2865} INFO - Starting attempt 1 of 2
[2024-10-14T00:02:10.829+0000] {taskinstance.py:2888} INFO - Executing <Task(PythonOperator): execute_python_command> on 2024-10-14 00:02:03+00:00
[2024-10-14T00:02:10.835+0000] {warnings.py:112} WARNING - /home/***/.local/lib/python3.12/site-packages/***/task/task_runner/standard_task_runner.py:70: DeprecationWarning: This process (pid=309) is multi-threaded, use of fork() may lead to deadlocks in the child.
  pid = os.fork()

[2024-10-14T00:02:10.838+0000] {standard_task_runner.py:72} INFO - Started process 310 to run task
[2024-10-14T00:02:10.839+0000] {standard_task_runner.py:104} INFO - Running: ['***', 'tasks', 'run', 'adewunmi', 'execute_python_command', 'manual__2024-10-14T00:02:03+00:00', '--job-id', '26', '--raw', '--subdir', 'DAGS_FOLDER/email.py', '--cfg-path', '/tmp/tmpspiz1ri3']
[2024-10-14T00:02:10.841+0000] {standard_task_runner.py:105} INFO - Job 26: Subtask execute_python_command
[2024-10-14T00:02:10.911+0000] {task_command.py:467} INFO - Running <TaskInstance: adewunmi.execute_python_command manual__2024-10-14T00:02:03+00:00 [running]> on host 1b4cad12ae67
[2024-10-14T00:02:11.058+0000] {taskinstance.py:3131} INFO - Exporting env vars: AIRFLOW_CTX_DAG_OWNER='***' AIRFLOW_CTX_DAG_ID='adewunmi' AIRFLOW_CTX_TASK_ID='execute_python_command' AIRFLOW_CTX_EXECUTION_DATE='2024-10-14T00:02:03+00:00' AIRFLOW_CTX_TRY_NUMBER='1' AIRFLOW_CTX_DAG_RUN_ID='manual__2024-10-14T00:02:03+00:00'
[2024-10-14T00:02:11.060+0000] {taskinstance.py:731} INFO - ::endgroup::
[2024-10-14T00:02:11.077+0000] {logging_mixin.py:190} INFO - How are you?!
[2024-10-14T00:02:11.078+0000] {python.py:240} INFO - Done. Returned value was: None
[2024-10-14T00:02:11.092+0000] {taskinstance.py:340} INFO - ::group::Post task execution logs
[2024-10-14T00:02:11.092+0000] {taskinstance.py:352} INFO - Marking task as SUCCESS. dag_id=adewunmi, task_id=execute_python_command, run_id=manual__2024-10-14T00:02:03+00:00, execution_date=20241014T000203, start_date=20241014T000210, end_date=20241014T000211
[2024-10-14T00:02:11.093+0000] {taskinstance.py:1563} INFO - Executing callback at index 0: task_success_alert
[2024-10-14T00:02:11.094+0000] {logging_mixin.py:190} INFO - {'conf': <***.configuration.AirflowConfigParser object at 0x7f63670a4bf0>, 'dag': <DAG: adewunmi>, 'dag_run': <DagRun adewunmi @ 2024-10-14 00:02:03+00:00: manual__2024-10-14T00:02:03+00:00, state:running, queued_at: 2024-10-14 00:02:08.822276+00:00. externally triggered: True>, 'data_interval_end': DateTime(2024, 10, 14, 0, 2, 3, tzinfo=Timezone('UTC')), 'data_interval_start': DateTime(2024, 10, 14, 0, 2, 3, tzinfo=Timezone('UTC')), 'outlet_events': <***.utils.context.OutletEventAccessors object at 0x7f63551b8350>, 'ds': '2024-10-14', 'ds_nodash': '20241014', 'execution_date': DateTime(2024, 10, 14, 0, 2, 3, tzinfo=Timezone('UTC')), 'expanded_ti_count': None, 'inlets': [], 'inlet_events': InletEventsAccessors(_inlets=[], _datasets={}, _dataset_aliases={}, _session=<sqlalchemy.orm.session.Session object at 0x7f63670e9d30>), 'logical_date': DateTime(2024, 10, 14, 0, 2, 3, tzinfo=Timezone('UTC')), 'macros': <module '***.macros' from '/home/***/.local/lib/python3.12/site-packages/***/macros/__init__.py'>, 'map_index_template': None, 'next_ds': '2024-10-14', 'next_ds_nodash': '20241014', 'next_execution_date': DateTime(2024, 10, 14, 0, 2, 3, tzinfo=Timezone('UTC')), 'outlets': [], 'params': {'environment': 'local dev', 'dag_owner': 'adewunmi'}, 'prev_data_interval_start_success': DateTime(2024, 10, 13, 23, 55, 24, tzinfo=Timezone('UTC')), 'prev_data_interval_end_success': DateTime(2024, 10, 13, 23, 55, 24, tzinfo=Timezone('UTC')), 'prev_ds': '2024-10-14', 'prev_ds_nodash': '20241014', 'prev_execution_date': DateTime(2024, 10, 14, 0, 2, 3, tzinfo=Timezone('UTC')), 'prev_execution_date_success': DateTime(2024, 10, 13, 23, 55, 24, tzinfo=Timezone('UTC')), 'prev_start_date_success': DateTime(2024, 10, 13, 23, 55, 30, 816064, tzinfo=Timezone('UTC')), 'prev_end_date_success': DateTime(2024, 10, 13, 23, 55, 37, 816914, tzinfo=Timezone('UTC')), 'run_id': 'manual__2024-10-14T00:02:03+00:00', 'task': <Task(PythonOperator): execute_python_command>, 'task_instance': <TaskInstance: adewunmi.execute_python_command manual__2024-10-14T00:02:03+00:00 [success]>, 'task_instance_key_str': 'adewunmi__execute_python_command__20241014', 'test_mode': False, 'ti': <TaskInstance: adewunmi.execute_python_command manual__2024-10-14T00:02:03+00:00 [success]>, 'tomorrow_ds': '2024-10-15', 'tomorrow_ds_nodash': '20241015', 'triggering_dataset_events': <Proxy at 0x7f63551bf380 with factory <function _get_template_context.<locals>.get_triggering_events at 0x7f6355367560>>, 'ts': '2024-10-14T00:02:03+00:00', 'ts_nodash': '20241014T000203', 'ts_nodash_with_tz': '20241014T000203+0000', 'var': {'json': None, 'value': None}, 'conn': None, 'yesterday_ds': '2024-10-13', 'yesterday_ds_nodash': '20241013', 'templates_dict': None}
[2024-10-14T00:02:12.966+0000] {taskinstance.py:1567} ERROR - Error in callback at index 0: task_success_alert
Traceback (most recent call last):
  File "/opt/airflow/dags/notification_setting.py", line 77, in task_success_alert
    smtp.login(email_sender,email_password)
  File "/usr/local/lib/python3.12/smtplib.py", line 739, in login
    (code, resp) = self.auth(
                   ^^^^^^^^^^
  File "/usr/local/lib/python3.12/smtplib.py", line 652, in auth
    authobject(challenge).encode('ascii'), eol='')
    ^^^^^^^^^^^^^^^^^^^^^^^^^^^^
AttributeError: 'NoneType' object has no attribute 'encode'

During handling of the above exception, another exception occurred:

Traceback (most recent call last):
  File "/home/airflow/.local/lib/python3.12/site-packages/airflow/models/taskinstance.py", line 1565, in _run_finished_callback
    callback(context)
  File "/opt/airflow/dags/notification_setting.py", line 76, in task_success_alert
    with smtplib.SMTP_SSL('SMTP.gmail.com', 465,context=context) as smtp:
  File "/usr/local/lib/python3.12/smtplib.py", line 284, in __exit__
    raise SMTPResponseException(code, message)
smtplib.SMTPResponseException: (334, b'UGFzc3dvcmQ6')
[2024-10-14T00:02:13.071+0000] {local_task_job_runner.py:266} INFO - Task exited with return code 0
[2024-10-14T00:02:13.091+0000] {local_task_job_runner.py:245} INFO - ::endgroup::
