[2024-10-17T21:50:24.437+0000] {local_task_job_runner.py:123} INFO - ::group::Pre task execution logs
[2024-10-17T21:50:24.459+0000] {taskinstance.py:2612} INFO - Dependencies all met for dep_context=non-requeueable deps ti=<TaskInstance: postgres_to_s3.load_to_s3 manual__2024-10-17T21:49:50.170774+00:00 [queued]>
[2024-10-17T21:50:24.472+0000] {taskinstance.py:2612} INFO - Dependencies all met for dep_context=requeueable deps ti=<TaskInstance: postgres_to_s3.load_to_s3 manual__2024-10-17T21:49:50.170774+00:00 [queued]>
[2024-10-17T21:50:24.473+0000] {taskinstance.py:2865} INFO - Starting attempt 2 of 2
[2024-10-17T21:50:24.497+0000] {taskinstance.py:2888} INFO - Executing <Task(PythonOperator): load_to_s3> on 2024-10-17 21:49:50.170774+00:00
[2024-10-17T21:50:24.506+0000] {warnings.py:112} WARNING - /home/***/.local/lib/python3.12/site-packages/***/task/task_runner/standard_task_runner.py:70: DeprecationWarning: This process (pid=1812) is multi-threaded, use of fork() may lead to deadlocks in the child.
  pid = os.fork()

[2024-10-17T21:50:24.509+0000] {standard_task_runner.py:72} INFO - Started process 1814 to run task
[2024-10-17T21:50:24.510+0000] {standard_task_runner.py:104} INFO - Running: ['***', 'tasks', 'run', 'postgres_to_s3', 'load_to_s3', 'manual__2024-10-17T21:49:50.170774+00:00', '--job-id', '71', '--raw', '--subdir', 'DAGS_FOLDER/prod.py', '--cfg-path', '/tmp/tmpzqzuvm20']
[2024-10-17T21:50:24.514+0000] {standard_task_runner.py:105} INFO - Job 71: Subtask load_to_s3
[2024-10-17T21:50:24.586+0000] {task_command.py:467} INFO - Running <TaskInstance: postgres_to_s3.load_to_s3 manual__2024-10-17T21:49:50.170774+00:00 [running]> on host 1b4cad12ae67
[2024-10-17T21:50:24.707+0000] {taskinstance.py:3131} INFO - Exporting env vars: AIRFLOW_CTX_DAG_OWNER='protectorate' AIRFLOW_CTX_DAG_ID='postgres_to_s3' AIRFLOW_CTX_TASK_ID='load_to_s3' AIRFLOW_CTX_EXECUTION_DATE='2024-10-17T21:49:50.170774+00:00' AIRFLOW_CTX_TRY_NUMBER='2' AIRFLOW_CTX_DAG_RUN_ID='manual__2024-10-17T21:49:50.170774+00:00'
[2024-10-17T21:50:24.709+0000] {taskinstance.py:731} INFO - ::endgroup::
[2024-10-17T21:50:24.764+0000] {base.py:84} INFO - Retrieving connection 'post_s3'
[2024-10-17T21:50:24.780+0000] {base.py:84} INFO - Retrieving connection 'post_s3'
[2024-10-17T21:50:24.918+0000] {taskinstance.py:3310} ERROR - Task failed with exception
Traceback (most recent call last):
  File "/home/airflow/.local/lib/python3.12/site-packages/sqlalchemy/engine/base.py", line 1890, in _execute_context
    self.dialect.do_executemany(
  File "/home/airflow/.local/lib/python3.12/site-packages/sqlalchemy/dialects/postgresql/psycopg2.py", line 982, in do_executemany
    context._psycopg2_fetched_rows = xtras.execute_values(
                                     ^^^^^^^^^^^^^^^^^^^^^
  File "/home/airflow/.local/lib/python3.12/site-packages/psycopg2/extras.py", line 1299, in execute_values
    cur.execute(b''.join(parts))
psycopg2.errors.UndefinedColumn: column "ace.m" of relation "wiki_file" does not exist
LINE 1: INSERT INTO wiki_file ("ace.m", "Facebook", "2", "0", "2024/...
                               ^


The above exception was the direct cause of the following exception:

Traceback (most recent call last):
  File "/home/airflow/.local/lib/python3.12/site-packages/airflow/models/taskinstance.py", line 767, in _execute_task
    result = _execute_callable(context=context, **execute_callable_kwargs)
             ^^^^^^^^^^^^^^^^^^^^^^^^^^^^^^^^^^^^^^^^^^^^^^^^^^^^^^^^^^^^^
  File "/home/airflow/.local/lib/python3.12/site-packages/airflow/models/taskinstance.py", line 733, in _execute_callable
    return ExecutionCallableRunner(
           ^^^^^^^^^^^^^^^^^^^^^^^^
  File "/home/airflow/.local/lib/python3.12/site-packages/airflow/utils/operator_helpers.py", line 252, in run
    return self.func(*args, **kwargs)
           ^^^^^^^^^^^^^^^^^^^^^^^^^^
  File "/home/airflow/.local/lib/python3.12/site-packages/airflow/models/baseoperator.py", line 406, in wrapper
    return func(self, *args, **kwargs)
           ^^^^^^^^^^^^^^^^^^^^^^^^^^^
  File "/home/airflow/.local/lib/python3.12/site-packages/airflow/operators/python.py", line 238, in execute
    return_value = self.execute_callable()
                   ^^^^^^^^^^^^^^^^^^^^^^^
  File "/home/airflow/.local/lib/python3.12/site-packages/airflow/operators/python.py", line 256, in execute_callable
    return runner.run(*self.op_args, **self.op_kwargs)
           ^^^^^^^^^^^^^^^^^^^^^^^^^^^^^^^^^^^^^^^^^^^
  File "/home/airflow/.local/lib/python3.12/site-packages/airflow/utils/operator_helpers.py", line 252, in run
    return self.func(*args, **kwargs)
           ^^^^^^^^^^^^^^^^^^^^^^^^^^
  File "/opt/airflow/dags/prod.py", line 44, in load_csv_to_database
    df.to_sql('wiki_file', engine, if_exists='append', index=False)
  File "/home/airflow/.local/lib/python3.12/site-packages/pandas/util/_decorators.py", line 333, in wrapper
    return func(*args, **kwargs)
           ^^^^^^^^^^^^^^^^^^^^^
  File "/home/airflow/.local/lib/python3.12/site-packages/pandas/core/generic.py", line 3008, in to_sql
    return sql.to_sql(
           ^^^^^^^^^^^
  File "/home/airflow/.local/lib/python3.12/site-packages/pandas/io/sql.py", line 788, in to_sql
    return pandas_sql.to_sql(
           ^^^^^^^^^^^^^^^^^^
  File "/home/airflow/.local/lib/python3.12/site-packages/pandas/io/sql.py", line 1958, in to_sql
    total_inserted = sql_engine.insert_records(
                     ^^^^^^^^^^^^^^^^^^^^^^^^^^
  File "/home/airflow/.local/lib/python3.12/site-packages/pandas/io/sql.py", line 1507, in insert_records
    raise err
  File "/home/airflow/.local/lib/python3.12/site-packages/pandas/io/sql.py", line 1498, in insert_records
    return table.insert(chunksize=chunksize, method=method)
           ^^^^^^^^^^^^^^^^^^^^^^^^^^^^^^^^^^^^^^^^^^^^^^^^
  File "/home/airflow/.local/lib/python3.12/site-packages/pandas/io/sql.py", line 1059, in insert
    num_inserted = exec_insert(conn, keys, chunk_iter)
                   ^^^^^^^^^^^^^^^^^^^^^^^^^^^^^^^^^^^
  File "/home/airflow/.local/lib/python3.12/site-packages/pandas/io/sql.py", line 951, in _execute_insert
    result = conn.execute(self.table.insert(), data)
             ^^^^^^^^^^^^^^^^^^^^^^^^^^^^^^^^^^^^^^^
  File "/home/airflow/.local/lib/python3.12/site-packages/sqlalchemy/engine/base.py", line 1385, in execute
    return meth(self, multiparams, params, _EMPTY_EXECUTION_OPTS)
           ^^^^^^^^^^^^^^^^^^^^^^^^^^^^^^^^^^^^^^^^^^^^^^^^^^^^^^
  File "/home/airflow/.local/lib/python3.12/site-packages/sqlalchemy/sql/elements.py", line 334, in _execute_on_connection
    return connection._execute_clauseelement(
           ^^^^^^^^^^^^^^^^^^^^^^^^^^^^^^^^^^
  File "/home/airflow/.local/lib/python3.12/site-packages/sqlalchemy/engine/base.py", line 1577, in _execute_clauseelement
    ret = self._execute_context(
          ^^^^^^^^^^^^^^^^^^^^^^
  File "/home/airflow/.local/lib/python3.12/site-packages/sqlalchemy/engine/base.py", line 1953, in _execute_context
    self._handle_dbapi_exception(
  File "/home/airflow/.local/lib/python3.12/site-packages/sqlalchemy/engine/base.py", line 2134, in _handle_dbapi_exception
    util.raise_(
  File "/home/airflow/.local/lib/python3.12/site-packages/sqlalchemy/util/compat.py", line 211, in raise_
    raise exception
  File "/home/airflow/.local/lib/python3.12/site-packages/sqlalchemy/engine/base.py", line 1890, in _execute_context
    self.dialect.do_executemany(
  File "/home/airflow/.local/lib/python3.12/site-packages/sqlalchemy/dialects/postgresql/psycopg2.py", line 982, in do_executemany
    context._psycopg2_fetched_rows = xtras.execute_values(
                                     ^^^^^^^^^^^^^^^^^^^^^
  File "/home/airflow/.local/lib/python3.12/site-packages/psycopg2/extras.py", line 1299, in execute_values
    cur.execute(b''.join(parts))
sqlalchemy.exc.ProgrammingError: (psycopg2.errors.UndefinedColumn) column "ace.m" of relation "wiki_file" does not exist
LINE 1: INSERT INTO wiki_file ("ace.m", "Facebook", "2", "0", "2024/...
                               ^

[SQL: INSERT INTO wiki_file ("ace.m", "Facebook", "2", "0", "2024/10/15", "12") VALUES (%(ace.m)s, %(Facebook)s, %(2)s, %(0)s, %(2024/10/15)s, %(12)s)]
[parameters: ({'ace.m': 'af', 'Facebook': 'Facebook', '2': 1, '0': 0, '2024/10/15': '2024/10/15', '12': 12}, {'ace.m': 'af', 'Facebook': 'Google', '2': 1, '0': 0, '2024/10/15': '2024/10/15', '12': 12}, {'ace.m': 'af.m', 'Facebook': 'Apple_Inc.', '2': 1, '0': 0, '2024/10/15': '2024/10/15', '12': 12}, {'ace.m': 'af.m', 'Facebook': 'Google_Maps', '2': 1, '0': 0, '2024/10/15': '2024/10/15', '12': 12}, {'ace.m': 'af.m', 'Facebook': 'Google_Translate', '2': 2, '0': 0, '2024/10/15': '2024/10/15', '12': 12}, {'ace.m': 'af.m', 'Facebook': 'Microsoft_Office', '2': 1, '0': 0, '2024/10/15': '2024/10/15', '12': 12}, {'ace.m': 'af.m', 'Facebook': 'Microsoft_Windows', '2': 1, '0': 0, '2024/10/15': '2024/10/15', '12': 12}, {'ace.m': 'als', 'Facebook': 'Google', '2': 1, '0': 0, '2024/10/15': '2024/10/15', '12': 12}  ... displaying 10 of 6135 total bound parameter sets ...  {'ace.m': 'zh.m.n', 'Facebook': 'Google揭AI超级电脑晶片TPU_称比英伟达A100更快更节能', '2': 1, '0': 0, '2024/10/15': '2024/10/15', '12': 12}, {'ace.m': 'zh.m.q', 'Facebook': 'Google', '2': 1, '0': 0, '2024/10/15': '2024/10/15', '12': 12})]
(Background on this error at: https://sqlalche.me/e/14/f405)
[2024-10-17T21:50:25.078+0000] {taskinstance.py:1225} INFO - Marking task as FAILED. dag_id=postgres_to_s3, task_id=load_to_s3, run_id=manual__2024-10-17T21:49:50.170774+00:00, execution_date=20241017T214950, start_date=20241017T215024, end_date=20241017T215025
[2024-10-17T21:50:25.097+0000] {taskinstance.py:340} INFO - ::group::Post task execution logs
[2024-10-17T21:50:25.100+0000] {standard_task_runner.py:124} ERROR - Failed to execute job 71 for task load_to_s3 ((psycopg2.errors.UndefinedColumn) column "ace.m" of relation "wiki_file" does not exist
LINE 1: INSERT INTO wiki_file ("ace.m", "Facebook", "2", "0", "2024/...
                               ^

[SQL: INSERT INTO wiki_file ("ace.m", "Facebook", "2", "0", "2024/10/15", "12") VALUES (%(ace.m)s, %(Facebook)s, %(2)s, %(0)s, %(2024/10/15)s, %(12)s)]
[parameters: ({'ace.m': 'af', 'Facebook': 'Facebook', '2': 1, '0': 0, '2024/10/15': '2024/10/15', '12': 12}, {'ace.m': 'af', 'Facebook': 'Google', '2': 1, '0': 0, '2024/10/15': '2024/10/15', '12': 12}, {'ace.m': 'af.m', 'Facebook': 'Apple_Inc.', '2': 1, '0': 0, '2024/10/15': '2024/10/15', '12': 12}, {'ace.m': 'af.m', 'Facebook': 'Google_Maps', '2': 1, '0': 0, '2024/10/15': '2024/10/15', '12': 12}, {'ace.m': 'af.m', 'Facebook': 'Google_Translate', '2': 2, '0': 0, '2024/10/15': '2024/10/15', '12': 12}, {'ace.m': 'af.m', 'Facebook': 'Microsoft_Office', '2': 1, '0': 0, '2024/10/15': '2024/10/15', '12': 12}, {'ace.m': 'af.m', 'Facebook': 'Microsoft_Windows', '2': 1, '0': 0, '2024/10/15': '2024/10/15', '12': 12}, {'ace.m': 'als', 'Facebook': 'Google', '2': 1, '0': 0, '2024/10/15': '2024/10/15', '12': 12}  ... displaying 10 of 6135 total bound parameter sets ...  {'ace.m': 'zh.m.n', 'Facebook': 'Google揭AI超级电脑晶片TPU_称比英伟达A100更快更节能', '2': 1, '0': 0, '2024/10/15': '2024/10/15', '12': 12}, {'ace.m': 'zh.m.q', 'Facebook': 'Google', '2': 1, '0': 0, '2024/10/15': '2024/10/15', '12': 12})]
(Background on this error at: https://sqlalche.me/e/14/f405); 1814)
Traceback (most recent call last):
  File "/home/airflow/.local/lib/python3.12/site-packages/sqlalchemy/engine/base.py", line 1890, in _execute_context
    self.dialect.do_executemany(
  File "/home/airflow/.local/lib/python3.12/site-packages/sqlalchemy/dialects/postgresql/psycopg2.py", line 982, in do_executemany
    context._psycopg2_fetched_rows = xtras.execute_values(
                                     ^^^^^^^^^^^^^^^^^^^^^
  File "/home/airflow/.local/lib/python3.12/site-packages/psycopg2/extras.py", line 1299, in execute_values
    cur.execute(b''.join(parts))
psycopg2.errors.UndefinedColumn: column "ace.m" of relation "wiki_file" does not exist
LINE 1: INSERT INTO wiki_file ("ace.m", "Facebook", "2", "0", "2024/...
                               ^


The above exception was the direct cause of the following exception:

Traceback (most recent call last):
  File "/home/airflow/.local/lib/python3.12/site-packages/airflow/task/task_runner/standard_task_runner.py", line 117, in _start_by_fork
    ret = args.func(args, dag=self.dag)
          ^^^^^^^^^^^^^^^^^^^^^^^^^^^^^
  File "/home/airflow/.local/lib/python3.12/site-packages/airflow/cli/cli_config.py", line 49, in command
    return func(*args, **kwargs)
           ^^^^^^^^^^^^^^^^^^^^^
  File "/home/airflow/.local/lib/python3.12/site-packages/airflow/utils/cli.py", line 115, in wrapper
    return f(*args, **kwargs)
           ^^^^^^^^^^^^^^^^^^
  File "/home/airflow/.local/lib/python3.12/site-packages/airflow/cli/commands/task_command.py", line 483, in task_run
    task_return_code = _run_task_by_selected_method(args, _dag, ti)
                       ^^^^^^^^^^^^^^^^^^^^^^^^^^^^^^^^^^^^^^^^^^^^
  File "/home/airflow/.local/lib/python3.12/site-packages/airflow/cli/commands/task_command.py", line 256, in _run_task_by_selected_method
    return _run_raw_task(args, ti)
           ^^^^^^^^^^^^^^^^^^^^^^^
  File "/home/airflow/.local/lib/python3.12/site-packages/airflow/cli/commands/task_command.py", line 341, in _run_raw_task
    return ti._run_raw_task(
           ^^^^^^^^^^^^^^^^^
  File "/home/airflow/.local/lib/python3.12/site-packages/airflow/utils/session.py", line 97, in wrapper
    return func(*args, session=session, **kwargs)
           ^^^^^^^^^^^^^^^^^^^^^^^^^^^^^^^^^^^^^^
  File "/home/airflow/.local/lib/python3.12/site-packages/airflow/models/taskinstance.py", line 3004, in _run_raw_task
    return _run_raw_task(
           ^^^^^^^^^^^^^^
  File "/home/airflow/.local/lib/python3.12/site-packages/airflow/models/taskinstance.py", line 273, in _run_raw_task
    TaskInstance._execute_task_with_callbacks(
  File "/home/airflow/.local/lib/python3.12/site-packages/airflow/models/taskinstance.py", line 3158, in _execute_task_with_callbacks
    result = self._execute_task(context, task_orig)
             ^^^^^^^^^^^^^^^^^^^^^^^^^^^^^^^^^^^^^^
  File "/home/airflow/.local/lib/python3.12/site-packages/airflow/models/taskinstance.py", line 3182, in _execute_task
    return _execute_task(self, context, task_orig)
           ^^^^^^^^^^^^^^^^^^^^^^^^^^^^^^^^^^^^^^^
  File "/home/airflow/.local/lib/python3.12/site-packages/airflow/models/taskinstance.py", line 767, in _execute_task
    result = _execute_callable(context=context, **execute_callable_kwargs)
             ^^^^^^^^^^^^^^^^^^^^^^^^^^^^^^^^^^^^^^^^^^^^^^^^^^^^^^^^^^^^^
  File "/home/airflow/.local/lib/python3.12/site-packages/airflow/models/taskinstance.py", line 733, in _execute_callable
    return ExecutionCallableRunner(
           ^^^^^^^^^^^^^^^^^^^^^^^^
  File "/home/airflow/.local/lib/python3.12/site-packages/airflow/utils/operator_helpers.py", line 252, in run
    return self.func(*args, **kwargs)
           ^^^^^^^^^^^^^^^^^^^^^^^^^^
  File "/home/airflow/.local/lib/python3.12/site-packages/airflow/models/baseoperator.py", line 406, in wrapper
    return func(self, *args, **kwargs)
           ^^^^^^^^^^^^^^^^^^^^^^^^^^^
  File "/home/airflow/.local/lib/python3.12/site-packages/airflow/operators/python.py", line 238, in execute
    return_value = self.execute_callable()
                   ^^^^^^^^^^^^^^^^^^^^^^^
  File "/home/airflow/.local/lib/python3.12/site-packages/airflow/operators/python.py", line 256, in execute_callable
    return runner.run(*self.op_args, **self.op_kwargs)
           ^^^^^^^^^^^^^^^^^^^^^^^^^^^^^^^^^^^^^^^^^^^
  File "/home/airflow/.local/lib/python3.12/site-packages/airflow/utils/operator_helpers.py", line 252, in run
    return self.func(*args, **kwargs)
           ^^^^^^^^^^^^^^^^^^^^^^^^^^
  File "/opt/airflow/dags/prod.py", line 44, in load_csv_to_database
    df.to_sql('wiki_file', engine, if_exists='append', index=False)
  File "/home/airflow/.local/lib/python3.12/site-packages/pandas/util/_decorators.py", line 333, in wrapper
    return func(*args, **kwargs)
           ^^^^^^^^^^^^^^^^^^^^^
  File "/home/airflow/.local/lib/python3.12/site-packages/pandas/core/generic.py", line 3008, in to_sql
    return sql.to_sql(
           ^^^^^^^^^^^
  File "/home/airflow/.local/lib/python3.12/site-packages/pandas/io/sql.py", line 788, in to_sql
    return pandas_sql.to_sql(
           ^^^^^^^^^^^^^^^^^^
  File "/home/airflow/.local/lib/python3.12/site-packages/pandas/io/sql.py", line 1958, in to_sql
    total_inserted = sql_engine.insert_records(
                     ^^^^^^^^^^^^^^^^^^^^^^^^^^
  File "/home/airflow/.local/lib/python3.12/site-packages/pandas/io/sql.py", line 1507, in insert_records
    raise err
  File "/home/airflow/.local/lib/python3.12/site-packages/pandas/io/sql.py", line 1498, in insert_records
    return table.insert(chunksize=chunksize, method=method)
           ^^^^^^^^^^^^^^^^^^^^^^^^^^^^^^^^^^^^^^^^^^^^^^^^
  File "/home/airflow/.local/lib/python3.12/site-packages/pandas/io/sql.py", line 1059, in insert
    num_inserted = exec_insert(conn, keys, chunk_iter)
                   ^^^^^^^^^^^^^^^^^^^^^^^^^^^^^^^^^^^
  File "/home/airflow/.local/lib/python3.12/site-packages/pandas/io/sql.py", line 951, in _execute_insert
    result = conn.execute(self.table.insert(), data)
             ^^^^^^^^^^^^^^^^^^^^^^^^^^^^^^^^^^^^^^^
  File "/home/airflow/.local/lib/python3.12/site-packages/sqlalchemy/engine/base.py", line 1385, in execute
    return meth(self, multiparams, params, _EMPTY_EXECUTION_OPTS)
           ^^^^^^^^^^^^^^^^^^^^^^^^^^^^^^^^^^^^^^^^^^^^^^^^^^^^^^
  File "/home/airflow/.local/lib/python3.12/site-packages/sqlalchemy/sql/elements.py", line 334, in _execute_on_connection
    return connection._execute_clauseelement(
           ^^^^^^^^^^^^^^^^^^^^^^^^^^^^^^^^^^
  File "/home/airflow/.local/lib/python3.12/site-packages/sqlalchemy/engine/base.py", line 1577, in _execute_clauseelement
    ret = self._execute_context(
          ^^^^^^^^^^^^^^^^^^^^^^
  File "/home/airflow/.local/lib/python3.12/site-packages/sqlalchemy/engine/base.py", line 1953, in _execute_context
    self._handle_dbapi_exception(
  File "/home/airflow/.local/lib/python3.12/site-packages/sqlalchemy/engine/base.py", line 2134, in _handle_dbapi_exception
    util.raise_(
  File "/home/airflow/.local/lib/python3.12/site-packages/sqlalchemy/util/compat.py", line 211, in raise_
    raise exception
  File "/home/airflow/.local/lib/python3.12/site-packages/sqlalchemy/engine/base.py", line 1890, in _execute_context
    self.dialect.do_executemany(
  File "/home/airflow/.local/lib/python3.12/site-packages/sqlalchemy/dialects/postgresql/psycopg2.py", line 982, in do_executemany
    context._psycopg2_fetched_rows = xtras.execute_values(
                                     ^^^^^^^^^^^^^^^^^^^^^
  File "/home/airflow/.local/lib/python3.12/site-packages/psycopg2/extras.py", line 1299, in execute_values
    cur.execute(b''.join(parts))
sqlalchemy.exc.ProgrammingError: (psycopg2.errors.UndefinedColumn) column "ace.m" of relation "wiki_file" does not exist
LINE 1: INSERT INTO wiki_file ("ace.m", "Facebook", "2", "0", "2024/...
                               ^

[SQL: INSERT INTO wiki_file ("ace.m", "Facebook", "2", "0", "2024/10/15", "12") VALUES (%(ace.m)s, %(Facebook)s, %(2)s, %(0)s, %(2024/10/15)s, %(12)s)]
[parameters: ({'ace.m': 'af', 'Facebook': 'Facebook', '2': 1, '0': 0, '2024/10/15': '2024/10/15', '12': 12}, {'ace.m': 'af', 'Facebook': 'Google', '2': 1, '0': 0, '2024/10/15': '2024/10/15', '12': 12}, {'ace.m': 'af.m', 'Facebook': 'Apple_Inc.', '2': 1, '0': 0, '2024/10/15': '2024/10/15', '12': 12}, {'ace.m': 'af.m', 'Facebook': 'Google_Maps', '2': 1, '0': 0, '2024/10/15': '2024/10/15', '12': 12}, {'ace.m': 'af.m', 'Facebook': 'Google_Translate', '2': 2, '0': 0, '2024/10/15': '2024/10/15', '12': 12}, {'ace.m': 'af.m', 'Facebook': 'Microsoft_Office', '2': 1, '0': 0, '2024/10/15': '2024/10/15', '12': 12}, {'ace.m': 'af.m', 'Facebook': 'Microsoft_Windows', '2': 1, '0': 0, '2024/10/15': '2024/10/15', '12': 12}, {'ace.m': 'als', 'Facebook': 'Google', '2': 1, '0': 0, '2024/10/15': '2024/10/15', '12': 12}  ... displaying 10 of 6135 total bound parameter sets ...  {'ace.m': 'zh.m.n', 'Facebook': 'Google揭AI超级电脑晶片TPU_称比英伟达A100更快更节能', '2': 1, '0': 0, '2024/10/15': '2024/10/15', '12': 12}, {'ace.m': 'zh.m.q', 'Facebook': 'Google', '2': 1, '0': 0, '2024/10/15': '2024/10/15', '12': 12})]
(Background on this error at: https://sqlalche.me/e/14/f405)
[2024-10-17T21:50:25.211+0000] {local_task_job_runner.py:266} INFO - Task exited with return code 1
[2024-10-17T21:50:25.257+0000] {taskinstance.py:3900} INFO - 0 downstream tasks scheduled from follow-on schedule check
[2024-10-17T21:50:25.275+0000] {local_task_job_runner.py:245} INFO - ::endgroup::
